  mainFunctions.c
c:\bureau\c\mainfunctions.c(148): warning C4244: 'initialisation' : conversion de 'double' en 'int', perte possible de données
c:\bureau\c\mainfunctions.c(149): warning C4244: 'initialisation' : conversion de 'double' en 'int', perte possible de données
c:\bureau\c\mainfunctions.c(176): warning C4244: 'fonction' : conversion de 'double' en 'int', perte possible de données
c:\bureau\c\mainfunctions.c(198): warning C4305: '-=' : troncation de 'double' à 'float'
c:\bureau\c\mainfunctions.c(201): warning C4244: '*=' : conversion de 'double' en 'float', perte possible de données
c:\bureau\c\mainfunctions.c(202): warning C4244: '=' : conversion de 'float' en 'unsigned char', perte possible de données
c:\bureau\c\mainfunctions.c(203): warning C4244: '=' : conversion de 'float' en 'unsigned char', perte possible de données
c:\bureau\c\mainfunctions.c(204): warning C4244: '=' : conversion de 'float' en 'unsigned char', perte possible de données
c:\bureau\c\mainfunctions.c(210): warning C4305: '-=' : troncation de 'double' à 'float'
c:\bureau\c\mainfunctions.c(213): warning C4244: '*=' : conversion de 'double' en 'float', perte possible de données
c:\bureau\c\mainfunctions.c(214): warning C4244: '=' : conversion de 'float' en 'unsigned char', perte possible de données
c:\bureau\c\mainfunctions.c(215): warning C4244: '=' : conversion de 'float' en 'unsigned char', perte possible de données
c:\bureau\c\mainfunctions.c(216): warning C4244: '=' : conversion de 'float' en 'unsigned char', perte possible de données
c:\bureau\c\mainfunctions.c(222): warning C4244: '*=' : conversion de 'double' en 'float', perte possible de données
c:\bureau\c\mainfunctions.c(223): warning C4244: '=' : conversion de 'float' en 'unsigned char', perte possible de données
c:\bureau\c\mainfunctions.c(224): warning C4244: '=' : conversion de 'float' en 'unsigned char', perte possible de données
c:\bureau\c\mainfunctions.c(225): warning C4244: '=' : conversion de 'float' en 'unsigned char', perte possible de données
c:\bureau\c\mainfunctions.c(230): warning C4244: '*=' : conversion de 'double' en 'float', perte possible de données
c:\bureau\c\mainfunctions.c(231): warning C4244: '=' : conversion de 'float' en 'unsigned char', perte possible de données
c:\bureau\c\mainfunctions.c(232): warning C4244: '=' : conversion de 'float' en 'unsigned char', perte possible de données
c:\bureau\c\mainfunctions.c(233): warning C4244: '=' : conversion de 'float' en 'unsigned char', perte possible de données
c:\bureau\c\mainfunctions.c(238): warning C4244: '=' : conversion de 'float' en 'unsigned char', perte possible de données
c:\bureau\c\mainfunctions.c(239): warning C4244: '=' : conversion de 'float' en 'unsigned char', perte possible de données
c:\bureau\c\mainfunctions.c(240): warning C4244: '=' : conversion de 'float' en 'unsigned char', perte possible de données
c:\bureau\c\mainfunctions.c(244): warning C4244: '=' : conversion de 'float' en 'unsigned char', perte possible de données
c:\bureau\c\mainfunctions.c(245): warning C4244: '=' : conversion de 'float' en 'unsigned char', perte possible de données
c:\bureau\c\mainfunctions.c(246): warning C4244: '=' : conversion de 'float' en 'unsigned char', perte possible de données
c:\bureau\c\mainfunctions.c(264): warning C4244: 'fonction' : conversion de 'double' en 'int', perte possible de données
c:\bureau\c\mainfunctions.c(168): warning C4715: 'pixelAvg' : les chemins de contrôle ne retournent pas tous une valeur
  ProjetEx.vcxproj -> C:\Bureau\C\x64\Debug\ProjetEx.exe
  ProjetEx.vcxproj -> C:\Bureau\C\x64\Debug\ProjetEx.pdb (Partial PDB)
