  mainFunctions.c
c:\bureau\c\mainfunctions.c(148): warning C4244: 'initialisation' : conversion de 'double' en 'int', perte possible de données
c:\bureau\c\mainfunctions.c(149): warning C4244: 'initialisation' : conversion de 'double' en 'int', perte possible de données
c:\bureau\c\mainfunctions.c(204): warning C4305: '-=' : troncation de 'double' à 'float'
c:\bureau\c\mainfunctions.c(206): warning C4244: '=' : conversion de 'float' en 'unsigned char', perte possible de données
c:\bureau\c\mainfunctions.c(207): warning C4244: '=' : conversion de 'float' en 'unsigned char', perte possible de données
c:\bureau\c\mainfunctions.c(208): warning C4244: '=' : conversion de 'float' en 'unsigned char', perte possible de données
c:\bureau\c\mainfunctions.c(214): warning C4305: '-=' : troncation de 'double' à 'float'
c:\bureau\c\mainfunctions.c(216): warning C4244: '=' : conversion de 'float' en 'unsigned char', perte possible de données
c:\bureau\c\mainfunctions.c(217): warning C4244: '=' : conversion de 'float' en 'unsigned char', perte possible de données
c:\bureau\c\mainfunctions.c(218): warning C4244: '=' : conversion de 'float' en 'unsigned char', perte possible de données
c:\bureau\c\mainfunctions.c(224): warning C4305: '-=' : troncation de 'double' à 'float'
c:\bureau\c\mainfunctions.c(226): warning C4244: '=' : conversion de 'float' en 'unsigned char', perte possible de données
c:\bureau\c\mainfunctions.c(227): warning C4244: '=' : conversion de 'float' en 'unsigned char', perte possible de données
c:\bureau\c\mainfunctions.c(228): warning C4244: '=' : conversion de 'float' en 'unsigned char', perte possible de données
c:\bureau\c\mainfunctions.c(233): warning C4244: '=' : conversion de 'float' en 'unsigned char', perte possible de données
c:\bureau\c\mainfunctions.c(234): warning C4244: '=' : conversion de 'float' en 'unsigned char', perte possible de données
c:\bureau\c\mainfunctions.c(235): warning C4244: '=' : conversion de 'float' en 'unsigned char', perte possible de données
c:\bureau\c\mainfunctions.c(245): warning C4244: '=' : conversion de 'float' en 'unsigned char', perte possible de données
c:\bureau\c\mainfunctions.c(246): warning C4244: '=' : conversion de 'float' en 'unsigned char', perte possible de données
c:\bureau\c\mainfunctions.c(247): warning C4244: '=' : conversion de 'float' en 'unsigned char', perte possible de données
c:\bureau\c\mainfunctions.c(253): warning C4244: '=' : conversion de 'float' en 'unsigned char', perte possible de données
c:\bureau\c\mainfunctions.c(254): warning C4244: '=' : conversion de 'float' en 'unsigned char', perte possible de données
c:\bureau\c\mainfunctions.c(255): warning C4244: '=' : conversion de 'float' en 'unsigned char', perte possible de données
c:\bureau\c\mainfunctions.c(259): warning C4244: '=' : conversion de 'float' en 'unsigned char', perte possible de données
c:\bureau\c\mainfunctions.c(260): warning C4244: '=' : conversion de 'float' en 'unsigned char', perte possible de données
c:\bureau\c\mainfunctions.c(261): warning C4244: '=' : conversion de 'float' en 'unsigned char', perte possible de données
c:\bureau\c\mainfunctions.c(267): warning C4244: '=' : conversion de 'float' en 'unsigned char', perte possible de données
c:\bureau\c\mainfunctions.c(268): warning C4244: '=' : conversion de 'float' en 'unsigned char', perte possible de données
c:\bureau\c\mainfunctions.c(269): warning C4244: '=' : conversion de 'float' en 'unsigned char', perte possible de données
c:\bureau\c\mainfunctions.c(279): warning C4244: '=' : conversion de 'float' en 'unsigned char', perte possible de données
c:\bureau\c\mainfunctions.c(280): warning C4244: '=' : conversion de 'float' en 'unsigned char', perte possible de données
c:\bureau\c\mainfunctions.c(281): warning C4244: '=' : conversion de 'float' en 'unsigned char', perte possible de données
c:\bureau\c\mainfunctions.c(293): warning C4244: '=' : conversion de 'float' en 'unsigned char', perte possible de données
c:\bureau\c\mainfunctions.c(294): warning C4244: '=' : conversion de 'float' en 'unsigned char', perte possible de données
c:\bureau\c\mainfunctions.c(295): warning C4244: '=' : conversion de 'float' en 'unsigned char', perte possible de données
c:\bureau\c\mainfunctions.c(299): warning C4244: '=' : conversion de 'float' en 'unsigned char', perte possible de données
c:\bureau\c\mainfunctions.c(300): warning C4244: '=' : conversion de 'float' en 'unsigned char', perte possible de données
c:\bureau\c\mainfunctions.c(301): warning C4244: '=' : conversion de 'float' en 'unsigned char', perte possible de données
c:\bureau\c\mainfunctions.c(305): warning C4244: '=' : conversion de 'float' en 'unsigned char', perte possible de données
c:\bureau\c\mainfunctions.c(306): warning C4244: '=' : conversion de 'float' en 'unsigned char', perte possible de données
c:\bureau\c\mainfunctions.c(307): warning C4244: '=' : conversion de 'float' en 'unsigned char', perte possible de données
c:\bureau\c\mainfunctions.c(326): warning C4244: 'fonction' : conversion de 'double' en 'int', perte possible de données
c:\bureau\c\mainfunctions.c(360): warning C4305: '-=' : troncation de 'double' à 'float'
c:\bureau\c\mainfunctions.c(362): warning C4244: '=' : conversion de 'float' en 'unsigned char', perte possible de données
c:\bureau\c\mainfunctions.c(363): warning C4244: '=' : conversion de 'float' en 'unsigned char', perte possible de données
c:\bureau\c\mainfunctions.c(364): warning C4244: '=' : conversion de 'float' en 'unsigned char', perte possible de données
c:\bureau\c\mainfunctions.c(371): warning C4305: '-=' : troncation de 'double' à 'float'
c:\bureau\c\mainfunctions.c(373): warning C4244: '=' : conversion de 'float' en 'unsigned char', perte possible de données
c:\bureau\c\mainfunctions.c(374): warning C4244: '=' : conversion de 'float' en 'unsigned char', perte possible de données
c:\bureau\c\mainfunctions.c(375): warning C4244: '=' : conversion de 'float' en 'unsigned char', perte possible de données
c:\bureau\c\mainfunctions.c(381): warning C4305: '-=' : troncation de 'double' à 'float'
c:\bureau\c\mainfunctions.c(383): warning C4244: '=' : conversion de 'float' en 'unsigned char', perte possible de données
c:\bureau\c\mainfunctions.c(384): warning C4244: '=' : conversion de 'float' en 'unsigned char', perte possible de données
c:\bureau\c\mainfunctions.c(385): warning C4244: '=' : conversion de 'float' en 'unsigned char', perte possible de données
c:\bureau\c\mainfunctions.c(390): warning C4244: '=' : conversion de 'float' en 'unsigned char', perte possible de données
c:\bureau\c\mainfunctions.c(391): warning C4244: '=' : conversion de 'float' en 'unsigned char', perte possible de données
c:\bureau\c\mainfunctions.c(392): warning C4244: '=' : conversion de 'float' en 'unsigned char', perte possible de données
c:\bureau\c\mainfunctions.c(403): warning C4244: '=' : conversion de 'float' en 'unsigned char', perte possible de données
c:\bureau\c\mainfunctions.c(404): warning C4244: '=' : conversion de 'float' en 'unsigned char', perte possible de données
c:\bureau\c\mainfunctions.c(405): warning C4244: '=' : conversion de 'float' en 'unsigned char', perte possible de données
c:\bureau\c\mainfunctions.c(412): warning C4244: '=' : conversion de 'float' en 'unsigned char', perte possible de données
c:\bureau\c\mainfunctions.c(413): warning C4244: '=' : conversion de 'float' en 'unsigned char', perte possible de données
c:\bureau\c\mainfunctions.c(414): warning C4244: '=' : conversion de 'float' en 'unsigned char', perte possible de données
c:\bureau\c\mainfunctions.c(418): warning C4244: '=' : conversion de 'float' en 'unsigned char', perte possible de données
c:\bureau\c\mainfunctions.c(419): warning C4244: '=' : conversion de 'float' en 'unsigned char', perte possible de données
c:\bureau\c\mainfunctions.c(420): warning C4244: '=' : conversion de 'float' en 'unsigned char', perte possible de données
c:\bureau\c\mainfunctions.c(426): warning C4244: '=' : conversion de 'float' en 'unsigned char', perte possible de données
c:\bureau\c\mainfunctions.c(427): warning C4244: '=' : conversion de 'float' en 'unsigned char', perte possible de données
c:\bureau\c\mainfunctions.c(428): warning C4244: '=' : conversion de 'float' en 'unsigned char', perte possible de données
c:\bureau\c\mainfunctions.c(437): warning C4244: '=' : conversion de 'float' en 'unsigned char', perte possible de données
c:\bureau\c\mainfunctions.c(438): warning C4244: '=' : conversion de 'float' en 'unsigned char', perte possible de données
c:\bureau\c\mainfunctions.c(439): warning C4244: '=' : conversion de 'float' en 'unsigned char', perte possible de données
c:\bureau\c\mainfunctions.c(452): warning C4244: '=' : conversion de 'float' en 'unsigned char', perte possible de données
c:\bureau\c\mainfunctions.c(453): warning C4244: '=' : conversion de 'float' en 'unsigned char', perte possible de données
c:\bureau\c\mainfunctions.c(454): warning C4244: '=' : conversion de 'float' en 'unsigned char', perte possible de données
c:\bureau\c\mainfunctions.c(459): warning C4244: '=' : conversion de 'float' en 'unsigned char', perte possible de données
c:\bureau\c\mainfunctions.c(460): warning C4244: '=' : conversion de 'float' en 'unsigned char', perte possible de données
c:\bureau\c\mainfunctions.c(461): warning C4244: '=' : conversion de 'float' en 'unsigned char', perte possible de données
c:\bureau\c\mainfunctions.c(465): warning C4244: '=' : conversion de 'float' en 'unsigned char', perte possible de données
c:\bureau\c\mainfunctions.c(466): warning C4244: '=' : conversion de 'float' en 'unsigned char', perte possible de données
c:\bureau\c\mainfunctions.c(467): warning C4244: '=' : conversion de 'float' en 'unsigned char', perte possible de données
c:\bureau\c\mainfunctions.c(489): warning C4244: 'fonction' : conversion de 'double' en 'int', perte possible de données
c:\bureau\c\mainfunctions.c(168): warning C4715: 'pixelAvg' : les chemins de contrôle ne retournent pas tous une valeur
  ProjetEx.vcxproj -> C:\Bureau\C\x64\Debug\ProjetEx.exe
  ProjetEx.vcxproj -> C:\Bureau\C\x64\Debug\ProjetEx.pdb (Partial PDB)
