c:\bureau\c\x64\debug\vc141.pdb
c:\bureau\c\x64\debug\vc141.idb
c:\bureau\c\x64\debug\bmp.obj
c:\bureau\c\x64\debug\main.obj
c:\bureau\c\x64\debug\mainfunctions.obj
c:\bureau\c\x64\debug\mainfunctions_peul.obj
c:\bureau\c\x64\debug\structure.obj
c:\bureau\c\x64\debug\projetex.exe
c:\bureau\c\x64\debug\projetex.ilk
c:\bureau\c\x64\debug\projetex.pdb
c:\bureau\c\x64\debug\ressource.res
c:\bureau\c\x64\debug\projetex.tlog\cl.command.1.tlog
c:\bureau\c\x64\debug\projetex.tlog\cl.read.1.tlog
c:\bureau\c\x64\debug\projetex.tlog\cl.write.1.tlog
c:\bureau\c\x64\debug\projetex.tlog\link.command.1.tlog
c:\bureau\c\x64\debug\projetex.tlog\link.read.1.tlog
c:\bureau\c\x64\debug\projetex.tlog\link.write.1.tlog
c:\bureau\c\x64\debug\projetex.tlog\rc.command.1.tlog
c:\bureau\c\x64\debug\projetex.tlog\rc.read.1.tlog
c:\bureau\c\x64\debug\projetex.tlog\rc.write.1.tlog
